Using pre-set license
Built from '2020.3/staging' branch; Version is '2020.3.21f1 (a38c86f6690f) revision 10718342'; Using compiler version '192528614'; Build Type 'Release'
OS: 'Windows 10 Home; OS build 19045.3448; Version 2009; 64bit' Language: 'en' Physical Memory: 22403 MB
BatchMode: 1, IsHumanControllingUs: 0, StartBugReporterOnCrash: 0, Is64bit: 1, IsPro: 0

COMMAND LINE ARGUMENTS:
C:\Program Files\Unity\Hub\Editor\2020.3.21f1\Editor\Unity.exe
-adb2
-batchMode
-noUpm
-name
AssetImportWorker0
-projectPath
C:/Users/Owner/GIthub_Laptop/sgu-final-build
-logFile
Logs/AssetImportWorker0.log
-srvPort
60150
Successfully changed project path to: C:/Users/Owner/GIthub_Laptop/sgu-final-build
C:/Users/Owner/GIthub_Laptop/sgu-final-build
Using Asset Import Pipeline V2.
Refreshing native plugins compatible for Editor in 118.66 ms, found 2 plugins.
Preloading 0 native plugins for Editor in 0.00 ms.
Initialize engine version: 2020.3.21f1 (a38c86f6690f)
[Subsystems] Discovering subsystems at path C:/Program Files/Unity/Hub/Editor/2020.3.21f1/Editor/Data/Resources/UnitySubsystems
[Subsystems] Discovering subsystems at path C:/Users/Owner/GIthub_Laptop/sgu-final-build/Assets
GfxDevice: creating device client; threaded=0
Direct3D:
    Version:  Direct3D 11.0 [level 11.1]
    Renderer: NVIDIA GeForce GTX 1050 (ID=0x1c91)
    Vendor:   
    VRAM:     2995 MB
    Driver:   31.0.15.3713
Initialize mono
Mono path[0] = 'C:/Program Files/Unity/Hub/Editor/2020.3.21f1/Editor/Data/Managed'
Mono path[1] = 'C:/Program Files/Unity/Hub/Editor/2020.3.21f1/Editor/Data/MonoBleedingEdge/lib/mono/unityjit'
Mono config path = 'C:/Program Files/Unity/Hub/Editor/2020.3.21f1/Editor/Data/MonoBleedingEdge/etc'
Using monoOptions --debugger-agent=transport=dt_socket,embedding=1,server=y,suspend=n,address=127.0.0.1:56508
Begin MonoManager ReloadAssembly
Registering precompiled unity dll's ...
Register platform support module: C:/Program Files/Unity/Hub/Editor/2020.3.21f1/Editor/Data/PlaybackEngines/WindowsStandaloneSupport/UnityEditor.WindowsStandalone.Extensions.dll
Registered in 0.002535 seconds.
Native extension for WindowsStandalone target not found
Refreshing native plugins compatible for Editor in 112.16 ms, found 2 plugins.
Preloading 0 native plugins for Editor in 0.00 ms.
Mono: successfully reloaded assembly
- Completed reload, in  1.469 seconds
Domain Reload Profiling:
	ReloadAssembly (1470ms)
		BeginReloadAssembly (70ms)
			ExecutionOrderSort (0ms)
			DisableScriptedObjects (0ms)
			BackupInstance (0ms)
			ReleaseScriptingObjects (0ms)
			CreateAndSetChildDomain (1ms)
		EndReloadAssembly (638ms)
			LoadAssemblies (67ms)
			RebuildTransferFunctionScriptingTraits (0ms)
			SetupTypeCache (199ms)
			ReleaseScriptCaches (0ms)
			RebuildScriptCaches (38ms)
			SetupLoadedEditorAssemblies (277ms)
				LogAssemblyErrors (0ms)
				InitializePlatformSupportModulesInManaged (5ms)
				SetLoadedEditorAssemblies (0ms)
				RefreshPlugins (112ms)
				BeforeProcessingInitializeOnLoad (17ms)
				ProcessInitializeOnLoadAttributes (104ms)
				ProcessInitializeOnLoadMethodAttributes (38ms)
				AfterProcessingInitializeOnLoad (0ms)
				EditorAssembliesLoaded (0ms)
			ExecutionOrderSort2 (0ms)
			AwakeInstancesAfterBackupRestoration (0ms)
Platform modules already initialized, skipping
Registering precompiled user dll's ...
Registered in 0.007379 seconds.
Begin MonoManager ReloadAssembly
Native extension for WindowsStandalone target not found
Refreshing native plugins compatible for Editor in 125.13 ms, found 2 plugins.
Preloading 0 native plugins for Editor in 0.00 ms.
Mono: successfully reloaded assembly
- Completed reload, in  2.037 seconds
Domain Reload Profiling:
	ReloadAssembly (2038ms)
		BeginReloadAssembly (184ms)
			ExecutionOrderSort (0ms)
			DisableScriptedObjects (13ms)
			BackupInstance (0ms)
			ReleaseScriptingObjects (0ms)
			CreateAndSetChildDomain (24ms)
		EndReloadAssembly (1765ms)
			LoadAssemblies (117ms)
			RebuildTransferFunctionScriptingTraits (0ms)
			SetupTypeCache (502ms)
			ReleaseScriptCaches (1ms)
			RebuildScriptCaches (110ms)
			SetupLoadedEditorAssemblies (881ms)
				LogAssemblyErrors (0ms)
				InitializePlatformSupportModulesInManaged (5ms)
				SetLoadedEditorAssemblies (0ms)
				RefreshPlugins (125ms)
				BeforeProcessingInitializeOnLoad (132ms)
				ProcessInitializeOnLoadAttributes (427ms)
				ProcessInitializeOnLoadMethodAttributes (180ms)
				AfterProcessingInitializeOnLoad (11ms)
				EditorAssembliesLoaded (0ms)
			ExecutionOrderSort2 (0ms)
			AwakeInstancesAfterBackupRestoration (8ms)
Platform modules already initialized, skipping
========================================================================
Worker process is ready to serve import requests
Launched and connected shader compiler UnityShaderCompiler.exe after 0.06 seconds
Refreshing native plugins compatible for Editor in 0.97 ms, found 2 plugins.
Preloading 0 native plugins for Editor in 0.00 ms.
Unloading 4159 Unused Serialized files (Serialized files now loaded: 0)
System memory in use before: 193.9 MB.
System memory in use after: 194.1 MB.

Unloading 23 unused Assets to reduce memory usage. Loaded Objects now: 4599.
Total: 5.244000 ms (FindLiveObjects: 0.534200 ms CreateObjectMapping: 0.156200 ms MarkObjects: 4.453500 ms  DeleteObjects: 0.098400 ms)

AssetImportParameters requested are different than current active one (requested -> active):
  custom:framework-win-MediaFoundation: 216162199b28c13a410421893ffa2e32 -> 
  custom:video-decoder-ogg-theora: a1e56fd34408186e4bbccfd4996cb3dc -> 
  custom:container-muxer-webm: aa71ff27fc2769a1b78a27578f13a17b -> 
  custom:container-demuxer-webm: 4f35f7cbe854078d1ac9338744f61a02 -> 
  custom:container-demuxer-ogg: 62fdf1f143b41e24485cea50d1cbac27 -> 
  custom:video-encoder-webm-vp8: eb34c28f22e8b96e1ab97ce403110664 -> 
  custom:video-decoder-webm-vp8: 9c59270c3fd7afecdb556c50c9e8de78 -> 
  custom:audio-decoder-ogg-vorbis: bf7c407c2cedff20999df2af8eb42d56 -> 
  custom:audio-encoder-webm-vorbis: bf7c407c2cedff20999df2af8eb42d56 -> 
========================================================================
Received Import Request.
  path: Assets/Scenes
  artifactKey: Guid(bd3cd9cf2c08c58489f7181ce0f856fd) Importer(815301076,1909f56bfc062723c751e8b465ee728b)
Start importing Assets/Scenes using Guid(bd3cd9cf2c08c58489f7181ce0f856fd) Importer(815301076,1909f56bfc062723c751e8b465ee728b)  -> (artifact id: '020e6696213f690aae74c310fc251f47') in 0.024803 seconds 
  Import took 0.032955 seconds .

========================================================================
Received Import Request.
  Time since last request: 0.000285 seconds.
  path: Assets/Models/FBX/Coridoors
  artifactKey: Guid(830161e3684c0b447b9896e09fe14a16) Importer(815301076,1909f56bfc062723c751e8b465ee728b)
Start importing Assets/Models/FBX/Coridoors using Guid(830161e3684c0b447b9896e09fe14a16) Importer(815301076,1909f56bfc062723c751e8b465ee728b)  -> (artifact id: 'f54b47a3157b0cd498f91d064c276596') in 0.010732 seconds 
  Import took 0.018888 seconds .

========================================================================
Received Import Request.
  Time since last request: 0.000291 seconds.
  path: Assets/Scripts
  artifactKey: Guid(ac84a1bbf9fb2e148ade262ef0ba99e3) Importer(815301076,1909f56bfc062723c751e8b465ee728b)
Start importing Assets/Scripts using Guid(ac84a1bbf9fb2e148ade262ef0ba99e3) Importer(815301076,1909f56bfc062723c751e8b465ee728b)  -> (artifact id: '7667ff324573818f43506614be30e768') in 0.013282 seconds 
  Import took 0.021114 seconds .

========================================================================
Received Import Request.
  Time since last request: 0.736098 seconds.
  path: Assets/Models/FBX/Coridoors/Remodels
  artifactKey: Guid(d2d4772b63cc1b54cbdc91e87b89d737) Importer(815301076,1909f56bfc062723c751e8b465ee728b)
Start importing Assets/Models/FBX/Coridoors/Remodels using Guid(d2d4772b63cc1b54cbdc91e87b89d737) Importer(815301076,1909f56bfc062723c751e8b465ee728b)  -> (artifact id: '1ad4f786bf178739a89b67fb9dcac354') in 0.015758 seconds 
  Import took 0.026705 seconds .

========================================================================
Received Import Request.
  Time since last request: 2.511866 seconds.
  path: Assets/Models/FBX/Coridoors/Remodels/Coridoor_chunk_1_45_degrees_MayaRemodel_NoUVs.fbx
  artifactKey: Guid(3cbbaca98d0b5704aa111d7515eedb4e) Importer(815301076,1909f56bfc062723c751e8b465ee728b)
Start importing Assets/Models/FBX/Coridoors/Remodels/Coridoor_chunk_1_45_degrees_MayaRemodel_NoUVs.fbx using Guid(3cbbaca98d0b5704aa111d7515eedb4e) Importer(815301076,1909f56bfc062723c751e8b465ee728b)  -> (artifact id: '4df0546e8400863515f20e67319f91f2') in 1.894339 seconds 
  Import took 1.906775 seconds .

========================================================================
Received Import Request.
  Time since last request: 0.000222 seconds.
  path: Assets/Models/FBX/Coridoors/Remodels/Corridor_Chunk_1_quater.fbx
  artifactKey: Guid(e9fe5e51b46adb74a88edf3e21f8d76f) Importer(815301076,1909f56bfc062723c751e8b465ee728b)
Start importing Assets/Models/FBX/Coridoors/Remodels/Corridor_Chunk_1_quater.fbx using Guid(e9fe5e51b46adb74a88edf3e21f8d76f) Importer(815301076,1909f56bfc062723c751e8b465ee728b)  -> (artifact id: 'd466a6c6d7a25a993c2bbbab2cecb169') in 0.074476 seconds 
  Import took 0.082201 seconds .

========================================================================
Received Import Request.
  Time since last request: 1.671431 seconds.
  path: Assets/Models/FBX/Coridoors/Remodels/Coridoor_chunk_1_MayaRemodel_NoUVs.fbx
  artifactKey: Guid(2e26cf2bf4bf64648b841c03832f2c0f) Importer(815301076,1909f56bfc062723c751e8b465ee728b)
Start importing Assets/Models/FBX/Coridoors/Remodels/Coridoor_chunk_1_MayaRemodel_NoUVs.fbx using Guid(2e26cf2bf4bf64648b841c03832f2c0f) Importer(815301076,1909f56bfc062723c751e8b465ee728b)  -> (artifact id: '7b33495bea6c6978892c90330eb179ef') in 0.748466 seconds 
  Import took 0.758229 seconds .

========================================================================
Received Import Request.
  Time since last request: 2816.893866 seconds.
  path: Assets/Models/FBX/Coridoors/Remodels/Corridor_Chunk_1_PipesOverlay_NoUVs.fbx
  artifactKey: Guid(115a58fcb6ed4984eb4957bc248b923e) Importer(815301076,1909f56bfc062723c751e8b465ee728b)
Start importing Assets/Models/FBX/Coridoors/Remodels/Corridor_Chunk_1_PipesOverlay_NoUVs.fbx using Guid(115a58fcb6ed4984eb4957bc248b923e) Importer(815301076,1909f56bfc062723c751e8b465ee728b)  -> (artifact id: '12e0c999fc93df5b87f2e468a445d23e') in 0.481090 seconds 
  Import took 0.492271 seconds .

========================================================================
Received Import Request.
  Time since last request: 69.823002 seconds.
  path: Assets/Scenes/LevelLeaks.unity
  artifactKey: Guid(3d4c39fe059dd9c4e889dd6bafdbfd29) Importer(815301076,1909f56bfc062723c751e8b465ee728b)
Start importing Assets/Scenes/LevelLeaks.unity using Guid(3d4c39fe059dd9c4e889dd6bafdbfd29) Importer(815301076,1909f56bfc062723c751e8b465ee728b)  -> (artifact id: '84305289bf00c886260c44315f2007b8') in 0.018846 seconds 
  Import took 0.031098 seconds .

========================================================================
Received Import Request.
  Time since last request: 376.402314 seconds.
  path: Assets/Scenes/CoridoorTesting.unity
  artifactKey: Guid(58a3d37ef8e7e4943a0da0b6bdf02ee1) Importer(815301076,1909f56bfc062723c751e8b465ee728b)
Start importing Assets/Scenes/CoridoorTesting.unity using Guid(58a3d37ef8e7e4943a0da0b6bdf02ee1) Importer(815301076,1909f56bfc062723c751e8b465ee728b)  -> (artifact id: '83961a2cd898d8f06916948752d0d1a2') in 0.017372 seconds 
  Import took 0.026634 seconds .

AssetImportWorkerClient::OnTransportError - code=2 error=End of file
