Using pre-set license
Built from '2020.3/staging' branch; Version is '2020.3.21f1 (a38c86f6690f) revision 10718342'; Using compiler version '192528614'; Build Type 'Release'
OS: 'Windows 10 Pro; OS build 18363.1556; Version 1909; 64bit' Language: 'en' Physical Memory: 20434 MB
BatchMode: 1, IsHumanControllingUs: 0, StartBugReporterOnCrash: 0, Is64bit: 1, IsPro: 0

COMMAND LINE ARGUMENTS:
D:\Program Files\2020.3.21f1\Editor\Unity.exe
-adb2
-batchMode
-noUpm
-name
AssetImportWorker0
-projectPath
D:/GitHubRepos/sgu-final-build
-logFile
Logs/AssetImportWorker0.log
-srvPort
63815
Successfully changed project path to: D:/GitHubRepos/sgu-final-build
D:/GitHubRepos/sgu-final-build
Using Asset Import Pipeline V2.
Refreshing native plugins compatible for Editor in 134.72 ms, found 2 plugins.
Preloading 0 native plugins for Editor in 0.00 ms.
Initialize engine version: 2020.3.21f1 (a38c86f6690f)
[Subsystems] Discovering subsystems at path D:/Program Files/2020.3.21f1/Editor/Data/Resources/UnitySubsystems
[Subsystems] Discovering subsystems at path D:/GitHubRepos/sgu-final-build/Assets
GfxDevice: creating device client; threaded=0
Direct3D:
    Version:  Direct3D 11.0 [level 11.1]
    Renderer: NVIDIA GeForce GTX 1050 Ti (ID=0x1c82)
    Vendor:   
    VRAM:     4017 MB
    Driver:   31.0.15.3623
Initialize mono
Mono path[0] = 'D:/Program Files/2020.3.21f1/Editor/Data/Managed'
Mono path[1] = 'D:/Program Files/2020.3.21f1/Editor/Data/MonoBleedingEdge/lib/mono/unityjit'
Mono config path = 'D:/Program Files/2020.3.21f1/Editor/Data/MonoBleedingEdge/etc'
Using monoOptions --debugger-agent=transport=dt_socket,embedding=1,server=y,suspend=n,address=127.0.0.1:56032
Begin MonoManager ReloadAssembly
Registering precompiled unity dll's ...
Register platform support module: D:/Program Files/2020.3.21f1/Editor/Data/PlaybackEngines/WindowsStandaloneSupport/UnityEditor.WindowsStandalone.Extensions.dll
Registered in 0.002008 seconds.
Native extension for WindowsStandalone target not found
Refreshing native plugins compatible for Editor in 130.05 ms, found 2 plugins.
Preloading 0 native plugins for Editor in 0.00 ms.
Mono: successfully reloaded assembly
- Completed reload, in  1.638 seconds
Domain Reload Profiling:
	ReloadAssembly (1638ms)
		BeginReloadAssembly (86ms)
			ExecutionOrderSort (0ms)
			DisableScriptedObjects (0ms)
			BackupInstance (0ms)
			ReleaseScriptingObjects (0ms)
			CreateAndSetChildDomain (1ms)
		EndReloadAssembly (761ms)
			LoadAssemblies (82ms)
			RebuildTransferFunctionScriptingTraits (0ms)
			SetupTypeCache (241ms)
			ReleaseScriptCaches (0ms)
			RebuildScriptCaches (51ms)
			SetupLoadedEditorAssemblies (331ms)
				LogAssemblyErrors (0ms)
				InitializePlatformSupportModulesInManaged (9ms)
				SetLoadedEditorAssemblies (1ms)
				RefreshPlugins (130ms)
				BeforeProcessingInitializeOnLoad (19ms)
				ProcessInitializeOnLoadAttributes (128ms)
				ProcessInitializeOnLoadMethodAttributes (44ms)
				AfterProcessingInitializeOnLoad (0ms)
				EditorAssembliesLoaded (0ms)
			ExecutionOrderSort2 (0ms)
			AwakeInstancesAfterBackupRestoration (0ms)
Platform modules already initialized, skipping
Registering precompiled user dll's ...
Registered in 0.007072 seconds.
Begin MonoManager ReloadAssembly
Native extension for WindowsStandalone target not found
Refreshing native plugins compatible for Editor in 140.25 ms, found 2 plugins.
Preloading 0 native plugins for Editor in 0.00 ms.
Mono: successfully reloaded assembly
- Completed reload, in  2.482 seconds
Domain Reload Profiling:
	ReloadAssembly (2484ms)
		BeginReloadAssembly (231ms)
			ExecutionOrderSort (0ms)
			DisableScriptedObjects (8ms)
			BackupInstance (0ms)
			ReleaseScriptingObjects (0ms)
			CreateAndSetChildDomain (27ms)
		EndReloadAssembly (2150ms)
			LoadAssemblies (138ms)
			RebuildTransferFunctionScriptingTraits (0ms)
			SetupTypeCache (614ms)
			ReleaseScriptCaches (1ms)
			RebuildScriptCaches (148ms)
			SetupLoadedEditorAssemblies (1051ms)
				LogAssemblyErrors (0ms)
				InitializePlatformSupportModulesInManaged (6ms)
				SetLoadedEditorAssemblies (0ms)
				RefreshPlugins (140ms)
				BeforeProcessingInitializeOnLoad (158ms)
				ProcessInitializeOnLoadAttributes (500ms)
				ProcessInitializeOnLoadMethodAttributes (237ms)
				AfterProcessingInitializeOnLoad (8ms)
				EditorAssembliesLoaded (0ms)
			ExecutionOrderSort2 (0ms)
			AwakeInstancesAfterBackupRestoration (10ms)
Platform modules already initialized, skipping
========================================================================
Worker process is ready to serve import requests
Launched and connected shader compiler UnityShaderCompiler.exe after 0.06 seconds
Refreshing native plugins compatible for Editor in 1.08 ms, found 2 plugins.
Preloading 0 native plugins for Editor in 0.00 ms.
Unloading 4160 Unused Serialized files (Serialized files now loaded: 0)
System memory in use before: 193.9 MB.
System memory in use after: 194.1 MB.

Unloading 23 unused Assets to reduce memory usage. Loaded Objects now: 4600.
Total: 6.044400 ms (FindLiveObjects: 0.534000 ms CreateObjectMapping: 0.229300 ms MarkObjects: 5.168500 ms  DeleteObjects: 0.110300 ms)

AssetImportParameters requested are different than current active one (requested -> active):
  custom:framework-win-MediaFoundation: 216162199b28c13a410421893ffa2e32 -> 
  custom:video-decoder-ogg-theora: a1e56fd34408186e4bbccfd4996cb3dc -> 
  custom:container-muxer-webm: aa71ff27fc2769a1b78a27578f13a17b -> 
  custom:container-demuxer-webm: 4f35f7cbe854078d1ac9338744f61a02 -> 
  custom:container-demuxer-ogg: 62fdf1f143b41e24485cea50d1cbac27 -> 
  custom:video-encoder-webm-vp8: eb34c28f22e8b96e1ab97ce403110664 -> 
  custom:video-decoder-webm-vp8: 9c59270c3fd7afecdb556c50c9e8de78 -> 
  custom:audio-decoder-ogg-vorbis: bf7c407c2cedff20999df2af8eb42d56 -> 
  custom:audio-encoder-webm-vorbis: bf7c407c2cedff20999df2af8eb42d56 -> 
========================================================================
Received Import Request.
  path: Assets/Models/FBX/Coridoors/Remodels/Corridor_Chunk_3_45Degree.fbx
  artifactKey: Guid(f931f96ccf7cdd848833aa96597be04e) Importer(815301076,1909f56bfc062723c751e8b465ee728b)
Start importing Assets/Models/FBX/Coridoors/Remodels/Corridor_Chunk_3_45Degree.fbx using Guid(f931f96ccf7cdd848833aa96597be04e) Importer(815301076,1909f56bfc062723c751e8b465ee728b)  -> (artifact id: '0061ad0050d09926ff05a1a5982ffcf6') in 2.369019 seconds 
  Import took 2.383885 seconds .

========================================================================
Received Import Request.
  Time since last request: 858.829648 seconds.
  path: Assets/Models/FBX/Coridoors/Remodels/Corridor_Chunk_3_Half.fbx
  artifactKey: Guid(29cf1c77d5c182f4e9af92e6ffc9d88e) Importer(815301076,1909f56bfc062723c751e8b465ee728b)
Start importing Assets/Models/FBX/Coridoors/Remodels/Corridor_Chunk_3_Half.fbx using Guid(29cf1c77d5c182f4e9af92e6ffc9d88e) Importer(815301076,1909f56bfc062723c751e8b465ee728b)  -> (artifact id: '213ca9351121c793c5facb0b7f54f633') in 0.793998 seconds 
  Import took 0.806553 seconds .

========================================================================
Received Import Request.
  Time since last request: 3.690253 seconds.
  path: Assets/Models/FBX/Coridoors/Remodels/Corridor_Chunk_3_Half.fbx
  artifactKey: Guid(29cf1c77d5c182f4e9af92e6ffc9d88e) Importer(815301076,1909f56bfc062723c751e8b465ee728b)
Start importing Assets/Models/FBX/Coridoors/Remodels/Corridor_Chunk_3_Half.fbx using Guid(29cf1c77d5c182f4e9af92e6ffc9d88e) Importer(815301076,1909f56bfc062723c751e8b465ee728b)  -> (artifact id: '04eedbf128619bfbf0e4d1be23da2d35') in 0.801429 seconds 
  Import took 0.812345 seconds .

========================================================================
Received Import Request.
  Time since last request: 97.739482 seconds.
  path: Assets/Models/FBX/Coridoors/Remodels/Coridoor_chunk_1_Half_MayaRemodel_NoUVs.fbx
  artifactKey: Guid(91331b40a96648946b527816330826ba) Importer(815301076,1909f56bfc062723c751e8b465ee728b)
Start importing Assets/Models/FBX/Coridoors/Remodels/Coridoor_chunk_1_Half_MayaRemodel_NoUVs.fbx using Guid(91331b40a96648946b527816330826ba) Importer(815301076,1909f56bfc062723c751e8b465ee728b)  -> (artifact id: '97fd71d97943fc5b90a6e70984beb1d6') in 0.815958 seconds 
  Import took 0.826093 seconds .

========================================================================
Received Import Request.
  Time since last request: 0.158393 seconds.
  path: Assets/Models/FBX/Coridoors/Remodels/Coridoor_chunk_1_MayaRemodel_NoUVs.fbx
  artifactKey: Guid(2e26cf2bf4bf64648b841c03832f2c0f) Importer(815301076,1909f56bfc062723c751e8b465ee728b)
Start importing Assets/Models/FBX/Coridoors/Remodels/Coridoor_chunk_1_MayaRemodel_NoUVs.fbx using Guid(2e26cf2bf4bf64648b841c03832f2c0f) Importer(815301076,1909f56bfc062723c751e8b465ee728b)  -> (artifact id: 'ab59bbbda0e2ebcd24d6d577a5879aff') in 0.908306 seconds 
  Import took 0.919803 seconds .

========================================================================
Received Import Request.
  Time since last request: 760.795815 seconds.
  path: Assets/Models/FBX/Coridoors/Remodels/Corridor_Chunk_4.fbx
  artifactKey: Guid(2b3882ad6f26d2047b5c89831c263374) Importer(815301076,1909f56bfc062723c751e8b465ee728b)
Start importing Assets/Models/FBX/Coridoors/Remodels/Corridor_Chunk_4.fbx using Guid(2b3882ad6f26d2047b5c89831c263374) Importer(815301076,1909f56bfc062723c751e8b465ee728b)  -> (artifact id: 'a5cb97b8cac5aae4db387cedcbfb442e') in 0.908504 seconds 
  Import took 0.921312 seconds .

========================================================================
Received Import Request.
  Time since last request: 2.529569 seconds.
  path: Assets/Models/FBX/Coridoors/Remodels/Corridor_Chunk_4.fbx
  artifactKey: Guid(2b3882ad6f26d2047b5c89831c263374) Importer(815301076,1909f56bfc062723c751e8b465ee728b)
Start importing Assets/Models/FBX/Coridoors/Remodels/Corridor_Chunk_4.fbx using Guid(2b3882ad6f26d2047b5c89831c263374) Importer(815301076,1909f56bfc062723c751e8b465ee728b)  -> (artifact id: 'd88d3698ef8152d1551000240c5e2cd4') in 1.311605 seconds 
  Import took 1.325904 seconds .

========================================================================
Received Import Request.
  Time since last request: 88.126362 seconds.
  path: Assets/Models/FBX/Coridoors/Remodels/Corridor_Chunk_3_Half.fbx
  artifactKey: Guid(29cf1c77d5c182f4e9af92e6ffc9d88e) Importer(815301076,1909f56bfc062723c751e8b465ee728b)
Start importing Assets/Models/FBX/Coridoors/Remodels/Corridor_Chunk_3_Half.fbx using Guid(29cf1c77d5c182f4e9af92e6ffc9d88e) Importer(815301076,1909f56bfc062723c751e8b465ee728b)  -> (artifact id: '65089d515154b9701d7bd65739c27c80') in 0.768407 seconds 
  Import took 0.780897 seconds .

========================================================================
Received Import Request.
  Time since last request: 0.000336 seconds.
  path: Assets/Models/FBX/Coridoors/Remodels/Corridor_Chunk_4.fbxa21124
  artifactKey: Guid(37fbabe5ce999e24ea3eaceb7e69b75e) Importer(815301076,1909f56bfc062723c751e8b465ee728b)
Start importing Assets/Models/FBX/Coridoors/Remodels/Corridor_Chunk_4.fbxa21124 using Guid(37fbabe5ce999e24ea3eaceb7e69b75e) Importer(815301076,1909f56bfc062723c751e8b465ee728b)  -> (artifact id: '00000000000000000000000000000000') in 2.099304 seconds  code(4) message(Build asset version error: assets/models/fbx/coridoors/remodels/corridor_chunk_4.fbxa21124 in SourceAssetDB has modification time of '2023-12-23T10:13:35.1925703Z' while content on disk has modification time of '0001-01-01T00:00:00Z' with error code 2
Stacktrace:
0x00007ff6ca8bb6fc (Unity) StackWalker::GetCurrentCallstack
0x00007ff6ca8c3d99 (Unity) StackWalker::ShowCallstack
0x00007ff6cbdf1cac (Unity) GetStacktrace
0x00007ff6cbfd5067 (Unity) GetAssetHashAndValidate
0x00007ff6cbfd0233 (Unity) AssetVersionBuilder::BuildHashOfSourceAssetArray
0x00007ff6cbfce1a2 (Unity) AssetVersionBuilder::BuildAssetVersion
0x00007ff6cbfa85bd (Unity) CreateAssetVersionBuilder
0x00007ff6cbfaf2bd (Unity) ImportToObjects
0x00007ff6cbfae0d8 (Unity) ImportAsset
0x00007ff6cbf0fe38 (Unity) AssetImportWorker::Import
0x00007ff6cbf631ca (Unity) <lambda_7448d646502792db0127dc89657ec83e>::operator()
0x00007ff6cc0078a2 (Unity) asio::detail::completion_handler<core::mutable_function<void __cdecl(void)> >::do_complete
0x00007ff6cc009a00 (Unity) asio::detail::win_iocp_io_service::do_one
0x00007ff6cc00d18e (Unity) asio::io_service::run
0x00007ff6cbf9002b (Unity) RunAssetImportWorkerClientV2
0x00007ff6cbf90080 (Unity) RunAssetImporterV2
0x00007ff6cb44b046 (Unity) Application::InitializeProject
0x00007ff6cbdff212 (Unity) WinMain
0x00007ff6cdc5def6 (Unity) __scrt_common_main_seh
0x00007fffba8d7c24 (KERNEL32) BaseThreadInitThunk
0x00007fffbac4d721 (ntdll) RtlUserThreadStart
)
  ERROR: Build asset version error: assets/models/fbx/coridoors/remodels/corridor_chunk_4.fbxa21124 in SourceAssetDB has modification time of '2023-12-23T10:13:35.1925703Z' while content on disk has modification time of '0001-01-01T00:00:00Z' with error code 2
Stacktrace:
0x00007ff6ca8bb6fc (Unity) StackWalker::GetCurrentCallstack
0x00007ff6ca8c3d99 (Unity) StackWalker::ShowCallstack
0x00007ff6cbdf1cac (Unity) GetStacktrace
0x00007ff6cbfd5067 (Unity) GetAssetHashAndValidate
0x00007ff6cbfd0233 (Unity) AssetVersionBuilder::BuildHashOfSourceAssetArray
0x00007ff6cbfce1a2 (Unity) AssetVersionBuilder::BuildAssetVersion
0x00007ff6cbfa85bd (Unity) CreateAssetVersionBuilder
0x00007ff6cbfaf2bd (Unity) ImportToObjects
0x00007ff6cbfae0d8 (Unity) ImportAsset
0x00007ff6cbf0fe38 (Unity) AssetImportWorker::Import
0x00007ff6cbf631ca (Unity) <lambda_7448d646502792db0127dc89657ec83e>::operator()
0x00007ff6cc0078a2 (Unity) asio::detail::completion_handler<core::mutable_function<void __cdecl(void)> >::do_complete
0x00007ff6cc009a00 (Unity) asio::detail::win_iocp_io_service::do_one
0x00007ff6cc00d18e (Unity) asio::io_service::run
0x00007ff6cbf9002b (Unity) RunAssetImportWorkerClientV2
0x00007ff6cbf90080 (Unity) RunAssetImporterV2
0x00007ff6cb44b046 (Unity) Application::InitializeProject
0x00007ff6cbdff212 (Unity) WinMain
0x00007ff6cdc5def6 (Unity) __scrt_common_main_seh
0x00007fffba8d7c24 (KERNEL32) BaseThreadInitThunk
0x00007fffbac4d721 (ntdll) RtlUserThreadStart

  Import took 2.107918 seconds .

========================================================================
Received Import Request.
  Time since last request: 2.804526 seconds.
  path: Assets/Models/FBX/Coridoors/Remodels/Corridor_Chunk_4.fbx
  artifactKey: Guid(2b3882ad6f26d2047b5c89831c263374) Importer(815301076,1909f56bfc062723c751e8b465ee728b)
Start importing Assets/Models/FBX/Coridoors/Remodels/Corridor_Chunk_4.fbx using Guid(2b3882ad6f26d2047b5c89831c263374) Importer(815301076,1909f56bfc062723c751e8b465ee728b)  -> (artifact id: '60205e5c274adb8b82141446b233af60') in 0.921334 seconds 
  Import took 0.932262 seconds .

========================================================================
Received Import Request.
  Time since last request: 10.859921 seconds.
  path: Assets/Models/FBX/Coridoors/Remodels/Corridor_Chunk_4.fbx
  artifactKey: Guid(2b3882ad6f26d2047b5c89831c263374) Importer(815301076,1909f56bfc062723c751e8b465ee728b)
Start importing Assets/Models/FBX/Coridoors/Remodels/Corridor_Chunk_4.fbx using Guid(2b3882ad6f26d2047b5c89831c263374) Importer(815301076,1909f56bfc062723c751e8b465ee728b)  -> (artifact id: '1557791a499800ba69aaf4886bb6bce3') in 1.594257 seconds 
  Import took 1.638177 seconds .

