Using pre-set license
Built from '2020.3/staging' branch; Version is '2020.3.21f1 (a38c86f6690f) revision 10718342'; Using compiler version '192528614'; Build Type 'Release'
OS: 'Windows 10 Pro; OS build 18363.1556; Version 1909; 64bit' Language: 'en' Physical Memory: 20434 MB
BatchMode: 1, IsHumanControllingUs: 0, StartBugReporterOnCrash: 0, Is64bit: 1, IsPro: 0

COMMAND LINE ARGUMENTS:
D:\Program Files\2020.3.21f1\Editor\Unity.exe
-adb2
-batchMode
-noUpm
-name
AssetImportWorker2
-projectPath
D:/GitHubRepos/sgu-final-build
-logFile
Logs/AssetImportWorker2.log
-srvPort
65328
Successfully changed project path to: D:/GitHubRepos/sgu-final-build
D:/GitHubRepos/sgu-final-build
Using Asset Import Pipeline V2.
Refreshing native plugins compatible for Editor in 243.18 ms, found 2 plugins.
Preloading 0 native plugins for Editor in 0.00 ms.
Initialize engine version: 2020.3.21f1 (a38c86f6690f)
[Subsystems] Discovering subsystems at path D:/Program Files/2020.3.21f1/Editor/Data/Resources/UnitySubsystems
[Subsystems] Discovering subsystems at path D:/GitHubRepos/sgu-final-build/Assets
GfxDevice: creating device client; threaded=0
Direct3D:
    Version:  Direct3D 11.0 [level 11.1]
    Renderer: NVIDIA GeForce GTX 1050 Ti (ID=0x1c82)
    Vendor:   
    VRAM:     4017 MB
    Driver:   31.0.15.3623
Initialize mono
Mono path[0] = 'D:/Program Files/2020.3.21f1/Editor/Data/Managed'
Mono path[1] = 'D:/Program Files/2020.3.21f1/Editor/Data/MonoBleedingEdge/lib/mono/unityjit'
Mono config path = 'D:/Program Files/2020.3.21f1/Editor/Data/MonoBleedingEdge/etc'
Using monoOptions --debugger-agent=transport=dt_socket,embedding=1,server=y,suspend=n,address=127.0.0.1:56688
Begin MonoManager ReloadAssembly
Registering precompiled unity dll's ...
Register platform support module: D:/Program Files/2020.3.21f1/Editor/Data/PlaybackEngines/WindowsStandaloneSupport/UnityEditor.WindowsStandalone.Extensions.dll
Registered in 0.002547 seconds.
Native extension for WindowsStandalone target not found
Refreshing native plugins compatible for Editor in 161.90 ms, found 2 plugins.
Preloading 0 native plugins for Editor in 0.00 ms.
Mono: successfully reloaded assembly
- Completed reload, in  1.921 seconds
Domain Reload Profiling:
	ReloadAssembly (1921ms)
		BeginReloadAssembly (99ms)
			ExecutionOrderSort (0ms)
			DisableScriptedObjects (0ms)
			BackupInstance (0ms)
			ReleaseScriptingObjects (0ms)
			CreateAndSetChildDomain (3ms)
		EndReloadAssembly (971ms)
			LoadAssemblies (95ms)
			RebuildTransferFunctionScriptingTraits (0ms)
			SetupTypeCache (311ms)
			ReleaseScriptCaches (0ms)
			RebuildScriptCaches (60ms)
			SetupLoadedEditorAssemblies (425ms)
				LogAssemblyErrors (0ms)
				InitializePlatformSupportModulesInManaged (7ms)
				SetLoadedEditorAssemblies (1ms)
				RefreshPlugins (162ms)
				BeforeProcessingInitializeOnLoad (27ms)
				ProcessInitializeOnLoadAttributes (175ms)
				ProcessInitializeOnLoadMethodAttributes (53ms)
				AfterProcessingInitializeOnLoad (0ms)
				EditorAssembliesLoaded (0ms)
			ExecutionOrderSort2 (0ms)
			AwakeInstancesAfterBackupRestoration (0ms)
Platform modules already initialized, skipping
Registering precompiled user dll's ...
Registered in 0.007841 seconds.
Begin MonoManager ReloadAssembly
Native extension for WindowsStandalone target not found
Refreshing native plugins compatible for Editor in 176.02 ms, found 2 plugins.
Preloading 0 native plugins for Editor in 0.00 ms.
Mono: successfully reloaded assembly
- Completed reload, in  3.103 seconds
Domain Reload Profiling:
	ReloadAssembly (3111ms)
		BeginReloadAssembly (307ms)
			ExecutionOrderSort (0ms)
			DisableScriptedObjects (10ms)
			BackupInstance (0ms)
			ReleaseScriptingObjects (0ms)
			CreateAndSetChildDomain (33ms)
		EndReloadAssembly (2682ms)
			LoadAssemblies (196ms)
			RebuildTransferFunctionScriptingTraits (0ms)
			SetupTypeCache (777ms)
			ReleaseScriptCaches (1ms)
			RebuildScriptCaches (185ms)
			SetupLoadedEditorAssemblies (1274ms)
				LogAssemblyErrors (0ms)
				InitializePlatformSupportModulesInManaged (8ms)
				SetLoadedEditorAssemblies (0ms)
				RefreshPlugins (176ms)
				BeforeProcessingInitializeOnLoad (184ms)
				ProcessInitializeOnLoadAttributes (615ms)
				ProcessInitializeOnLoadMethodAttributes (282ms)
				AfterProcessingInitializeOnLoad (9ms)
				EditorAssembliesLoaded (0ms)
			ExecutionOrderSort2 (0ms)
			AwakeInstancesAfterBackupRestoration (12ms)
Platform modules already initialized, skipping
========================================================================
Worker process is ready to serve import requests
Launched and connected shader compiler UnityShaderCompiler.exe after 0.12 seconds
Refreshing native plugins compatible for Editor in 1.17 ms, found 2 plugins.
Preloading 0 native plugins for Editor in 0.00 ms.
Unloading 4160 Unused Serialized files (Serialized files now loaded: 0)
System memory in use before: 194.0 MB.
System memory in use after: 194.2 MB.

Unloading 23 unused Assets to reduce memory usage. Loaded Objects now: 4600.
Total: 6.235300 ms (FindLiveObjects: 1.067600 ms CreateObjectMapping: 0.441400 ms MarkObjects: 4.613500 ms  DeleteObjects: 0.110300 ms)

AssetImportParameters requested are different than current active one (requested -> active):
  custom:framework-win-MediaFoundation: 216162199b28c13a410421893ffa2e32 -> 
  custom:video-decoder-ogg-theora: a1e56fd34408186e4bbccfd4996cb3dc -> 
  custom:container-muxer-webm: aa71ff27fc2769a1b78a27578f13a17b -> 
  custom:container-demuxer-webm: 4f35f7cbe854078d1ac9338744f61a02 -> 
  custom:container-demuxer-ogg: 62fdf1f143b41e24485cea50d1cbac27 -> 
  custom:video-encoder-webm-vp8: eb34c28f22e8b96e1ab97ce403110664 -> 
  custom:video-decoder-webm-vp8: 9c59270c3fd7afecdb556c50c9e8de78 -> 
  custom:audio-decoder-ogg-vorbis: bf7c407c2cedff20999df2af8eb42d56 -> 
  custom:audio-encoder-webm-vorbis: bf7c407c2cedff20999df2af8eb42d56 -> 
========================================================================
Received Import Request.
  path: Assets/Models/FBX/Coridoors/Remodels/Coridoor_chunk_1_MayaRemodel_TESTESTE.fbx
  artifactKey: Guid(05ff95aec198b2540bd378bda19ffcd9) Importer(815301076,1909f56bfc062723c751e8b465ee728b)
Start importing Assets/Models/FBX/Coridoors/Remodels/Coridoor_chunk_1_MayaRemodel_TESTESTE.fbx using Guid(05ff95aec198b2540bd378bda19ffcd9) Importer(815301076,1909f56bfc062723c751e8b465ee728b)  -> (artifact id: '9f684ab6be08e3c0aeed7af347ca38bf') in 2.275238 seconds 
  Import took 2.287605 seconds .

========================================================================
Received Import Request.
  Time since last request: 1060.746809 seconds.
  path: Assets/Models/FBX/Coridoors/Remodels/Coridoor_chunk_1_MayaRemodel_NoUVs.fbx
  artifactKey: Guid(2e26cf2bf4bf64648b841c03832f2c0f) Importer(815301076,1909f56bfc062723c751e8b465ee728b)
Start importing Assets/Models/FBX/Coridoors/Remodels/Coridoor_chunk_1_MayaRemodel_NoUVs.fbx using Guid(2e26cf2bf4bf64648b841c03832f2c0f) Importer(815301076,1909f56bfc062723c751e8b465ee728b)  -> (artifact id: '62f75275b0dfb12f89520e12f67f66bf') in 0.981871 seconds 
  Import took 0.994475 seconds .

========================================================================
Received Import Request.
  Time since last request: 2526.759919 seconds.
  path: Assets/Models/FBX/Coridoors/Remodels/Coridoor_chunk_1_45_degrees_MayaRemodel_NoUVs.fbx
  artifactKey: Guid(3cbbaca98d0b5704aa111d7515eedb4e) Importer(815301076,1909f56bfc062723c751e8b465ee728b)
Start importing Assets/Models/FBX/Coridoors/Remodels/Coridoor_chunk_1_45_degrees_MayaRemodel_NoUVs.fbx using Guid(3cbbaca98d0b5704aa111d7515eedb4e) Importer(815301076,1909f56bfc062723c751e8b465ee728b)  -> (artifact id: '03c1b3dba503ca78ed9d9265bb25fd8d') in 2.175846 seconds 
  Import took 2.190111 seconds .

========================================================================
Received Import Request.
  Time since last request: 2.985890 seconds.
  path: Assets/Models/FBX/Coridoors/Remodels/Coridoor_chunk_1_45_degrees_MayaRemodel_NoUVs.fbx
  artifactKey: Guid(3cbbaca98d0b5704aa111d7515eedb4e) Importer(815301076,1909f56bfc062723c751e8b465ee728b)
Start importing Assets/Models/FBX/Coridoors/Remodels/Coridoor_chunk_1_45_degrees_MayaRemodel_NoUVs.fbx using Guid(3cbbaca98d0b5704aa111d7515eedb4e) Importer(815301076,1909f56bfc062723c751e8b465ee728b)  -> (artifact id: '5a9324afc68b0c8b1b5220537b7aa58f') in 2.111635 seconds 
  Import took 2.123483 seconds .

========================================================================
Received Import Request.
  Time since last request: 51.822829 seconds.
  path: Assets/Models/FBX/Coridoors/Remodels/Coridoor_chunk_1_45_degrees_MayaRemodel_NoUVs.fbx
  artifactKey: Guid(3cbbaca98d0b5704aa111d7515eedb4e) Importer(815301076,1909f56bfc062723c751e8b465ee728b)
Start importing Assets/Models/FBX/Coridoors/Remodels/Coridoor_chunk_1_45_degrees_MayaRemodel_NoUVs.fbx using Guid(3cbbaca98d0b5704aa111d7515eedb4e) Importer(815301076,1909f56bfc062723c751e8b465ee728b)  -> (artifact id: '3da55bc7d3b0fc8faaec5c17eb3b7825') in 2.384624 seconds 
  Import took 2.397461 seconds .

========================================================================
Received Import Request.
  Time since last request: 15.752075 seconds.
  path: Assets/Models/FBX/Coridoors/Remodels/Coridoor_chunk_1_45_degrees_MayaRemodel_NoUVs.fbx
  artifactKey: Guid(3cbbaca98d0b5704aa111d7515eedb4e) Importer(815301076,1909f56bfc062723c751e8b465ee728b)
Start importing Assets/Models/FBX/Coridoors/Remodels/Coridoor_chunk_1_45_degrees_MayaRemodel_NoUVs.fbx using Guid(3cbbaca98d0b5704aa111d7515eedb4e) Importer(815301076,1909f56bfc062723c751e8b465ee728b)  -> (artifact id: '5198ae6a052d20a241f7f78701ec3f40') in 2.301366 seconds 
  Import took 2.314101 seconds .

========================================================================
Received Import Request.
  Time since last request: 1.405509 seconds.
  path: Assets/Models/FBX/Coridoors/Remodels/Coridoor_chunk_1_45_degrees_MayaRemodel_NoUVs.fbx
  artifactKey: Guid(3cbbaca98d0b5704aa111d7515eedb4e) Importer(815301076,1909f56bfc062723c751e8b465ee728b)
Start importing Assets/Models/FBX/Coridoors/Remodels/Coridoor_chunk_1_45_degrees_MayaRemodel_NoUVs.fbx using Guid(3cbbaca98d0b5704aa111d7515eedb4e) Importer(815301076,1909f56bfc062723c751e8b465ee728b)  -> (artifact id: 'a7b083be302b1a638273b509160aa044') in 2.330999 seconds 
  Import took 2.343990 seconds .

========================================================================
Received Import Request.
  Time since last request: 65.816237 seconds.
  path: Assets/Models/FBX/Coridoors/Remodels/Coridoor_chunk_1_45_degrees_MayaRemodel_NoUVs.fbx
  artifactKey: Guid(3cbbaca98d0b5704aa111d7515eedb4e) Importer(815301076,1909f56bfc062723c751e8b465ee728b)
Start importing Assets/Models/FBX/Coridoors/Remodels/Coridoor_chunk_1_45_degrees_MayaRemodel_NoUVs.fbx using Guid(3cbbaca98d0b5704aa111d7515eedb4e) Importer(815301076,1909f56bfc062723c751e8b465ee728b)  -> (artifact id: '9816efacbc84814a84e5d09b9a7ad28e') in 2.292363 seconds 
  Import took 2.305513 seconds .

========================================================================
Received Import Request.
  Time since last request: 17.545610 seconds.
  path: Assets/Models/FBX/Coridoors/Remodels/Coridoor_chunk_1_45_degrees_MayaRemodel_NoUVs.fbx
  artifactKey: Guid(3cbbaca98d0b5704aa111d7515eedb4e) Importer(815301076,1909f56bfc062723c751e8b465ee728b)
Start importing Assets/Models/FBX/Coridoors/Remodels/Coridoor_chunk_1_45_degrees_MayaRemodel_NoUVs.fbx using Guid(3cbbaca98d0b5704aa111d7515eedb4e) Importer(815301076,1909f56bfc062723c751e8b465ee728b)  -> (artifact id: '13ae43539fb24ec312f7814fa54abd1f') in 2.234580 seconds 
  Import took 2.249034 seconds .

========================================================================
Received Import Request.
  Time since last request: 1.134657 seconds.
  path: Assets/Models/FBX/Coridoors/Remodels/Coridoor_chunk_1_45_degrees_MayaRemodel_NoUVs.fbx
  artifactKey: Guid(3cbbaca98d0b5704aa111d7515eedb4e) Importer(815301076,1909f56bfc062723c751e8b465ee728b)
Start importing Assets/Models/FBX/Coridoors/Remodels/Coridoor_chunk_1_45_degrees_MayaRemodel_NoUVs.fbx using Guid(3cbbaca98d0b5704aa111d7515eedb4e) Importer(815301076,1909f56bfc062723c751e8b465ee728b)  -> (artifact id: '57025e9db64d062a8b42fd7d7876c21e') in 2.489548 seconds 
  Import took 2.505487 seconds .

========================================================================
Received Import Request.
  Time since last request: 17.892669 seconds.
  path: Assets/Models/FBX/Coridoors/Remodels/Coridoor_chunk_1_45_degrees_MayaRemodel_NoUVs.fbx
  artifactKey: Guid(3cbbaca98d0b5704aa111d7515eedb4e) Importer(815301076,1909f56bfc062723c751e8b465ee728b)
Start importing Assets/Models/FBX/Coridoors/Remodels/Coridoor_chunk_1_45_degrees_MayaRemodel_NoUVs.fbx using Guid(3cbbaca98d0b5704aa111d7515eedb4e) Importer(815301076,1909f56bfc062723c751e8b465ee728b)  -> (artifact id: 'f7fdfc9d1f49678f9e2339c5a6b1c8be') in 2.507605 seconds 
  Import took 2.524526 seconds .

AssetImportWorkerClient::OnTransportError - code=2 error=End of file
